2020-11-27 02:55:28.7082|ERROR|addressBookProblem.NLog|Addressbook has null values
2020-11-27 02:55:29.1447|WARN|addressBookProblem.NLog|Addressbook should have value
2020-11-27 02:55:53.8487|ERROR|addressBookProblem.NLog|Invalid input
2020-11-27 02:55:53.9479|WARN|addressBookProblem.NLog|Give valid data
2020-11-27 02:56:59.3814|DEBUG|addressBookProblem.NLog|Debug successful: AddContact()
2020-11-27 02:57:45.6327|DEBUG|addressBookProblem.NLog|Debug successful: EditContact()
2020-11-27 02:57:55.7641|ERROR|addressBookProblem.NLog|First name is not existing
2020-11-27 02:57:55.8668|WARN|addressBookProblem.NLog|First name should be correct
2020-11-27 02:58:14.5736|DEBUG|addressBookProblem.NLog|Debug successful: ViewContact()
2020-11-27 02:58:40.5174|ERROR|addressBookProblem.NLog|Contact is not existing
2020-11-27 02:58:40.6072|ERROR|addressBookProblem.NLog|Give proper input
2020-11-27 02:58:55.8387|DEBUG|addressBookProblem.NLog|Debug successful: DeleteContact()
2020-11-27 02:58:59.3460|ERROR|addressBookProblem.NLog|Addressbook has null values
2020-11-27 02:58:59.4295|WARN|addressBookProblem.NLog|Addressbook should have value
2020-11-27 03:03:53.9703|DEBUG|addressBookProblem.NLog|Debug successful: AddContact()
2020-11-27 03:04:30.8169|DEBUG|addressBookProblem.NLog|Debug successful: AddContact()
2020-11-27 03:05:06.6530|DEBUG|addressBookProblem.NLog|Debug successful: ViewContact()
2020-12-03 20:22:42.5741|ERROR|addressBookProblem.NLog|Invalid input
2020-12-03 20:22:43.0437|WARN|addressBookProblem.NLog|Give valid data
2020-12-03 20:27:29.0772|DEBUG|addressBookProblem.NLog|Debug successful: AddContact()
2020-12-03 20:28:32.0847|ERROR|addressBookProblem.NLog|Invalid input
2020-12-03 20:28:32.2169|WARN|addressBookProblem.NLog|Give valid data
2020-12-03 20:29:09.0882|DEBUG|addressBookProblem.NLog|Debug successful: AddContact()
2020-12-03 21:06:40.5826|DEBUG|addressBookProblem.NLog|Debug successful: AddContact()
2020-12-03 21:06:58.6928|DEBUG|addressBookProblem.NLog|Debug successful: EditContact()
2020-12-03 21:07:39.0488|DEBUG|addressBookProblem.NLog|Debug successful: EditContact()
2020-12-03 22:04:44.3263|DEBUG|addressBookProblem.NLog|Debug successful: AddContact()
2020-12-03 22:05:53.3824|ERROR|addressBookProblem.NLog|Invalid input
2020-12-03 22:05:53.4757|WARN|addressBookProblem.NLog|Give valid data
2020-12-03 22:18:28.3174|DEBUG|addressBookProblem.NLog|Debug successful: AddContact()
2020-12-03 23:06:45.8497|DEBUG|addressBookProblem.NLog|Debug successful: AddContact()
2020-12-03 23:14:42.0789|DEBUG|addressBookProblem.NLog|Debug successful: AddContact()
2020-12-03 23:17:00.4230|ERROR|addressBookProblem.NLog|Invalid input
2020-12-03 23:17:00.5612|WARN|addressBookProblem.NLog|Give valid data
2020-12-03 23:17:20.5351|DEBUG|addressBookProblem.NLog|Debug successful: AddContact()
2020-12-03 23:18:11.9703|DEBUG|addressBookProblem.NLog|Debug successful: AddContact()
2020-12-03 23:21:30.3356|ERROR|addressBookProblem.NLog|Invalid input
2020-12-03 23:21:30.4024|WARN|addressBookProblem.NLog|Give valid data
2020-12-03 23:50:47.1456|DEBUG|addressBookProblem.NLog|Debug successful: AddContact()
2020-12-03 23:53:59.7334|DEBUG|addressBookProblem.NLog|Debug successful: AddContact()
2020-12-04 00:03:31.0463|DEBUG|addressBookProblem.NLog|Debug successful: AddContact()
2020-12-04 00:04:00.3350|ERROR|addressBookProblem.NLog|Invalid input
2020-12-04 00:04:00.4595|WARN|addressBookProblem.NLog|Give valid data
2020-12-04 00:30:38.1610|DEBUG|addressBookProblem.NLog|Debug successful: AddContact()
2020-12-04 00:31:21.8919|DEBUG|addressBookProblem.NLog|Debug successful: AddContact()
2020-12-04 00:32:06.7490|DEBUG|addressBookProblem.NLog|Debug successful: AddContact()
2020-12-04 00:32:49.4807|DEBUG|addressBookProblem.NLog|Debug successful: AddContact()
2020-12-04 01:41:23.6378|DEBUG|addressBookProblem.NLog|Debug successful: AddContact()
2020-12-04 01:41:52.1611|DEBUG|addressBookProblem.NLog|Debug successful: AddContact()
2020-12-04 01:42:44.9833|DEBUG|addressBookProblem.NLog|Debug successful: AddContact()
2020-12-04 01:43:37.9649|DEBUG|addressBookProblem.NLog|Debug successful: AddContact()
2020-12-04 01:43:46.8962|DEBUG|addressBookProblem.NLog|Debug successful: ViewContact()
